This file contains any messages produced by compilers while
running configure, to aid debugging if configure makes a mistake.

configure:617: checking host system type
configure:638: checking target system type
configure:656: checking build system type
configure:715: checking for a BSD compatible install
configure:772: checking for -p flag to install
configure:795: checking whether build environment is sane
configure:833: checking whether make sets ${MAKE}
configure:879: checking for working aclocal
configure:892: checking for working autoconf
configure:905: checking for working automake
configure:918: checking for working autoheader
configure:931: checking for working makeinfo
configure:1037: checking for a C-Compiler
configure:1043: checking for gcc
configure:1149: checking whether the C compiler (gcc    ) works
configure:1165: gcc -o conftest      conftest.c  1>&5
configure:1191: checking whether the C compiler (gcc    ) is a cross-compiler
configure:1196: checking whether we are using GNU C
configure:1308: checking how to run the C preprocessor
configure:1370: checking for a C++-Compiler
configure:1376: checking for g++
configure:1492: checking whether the C++ compiler (g++  -O0 -g3 -Wall      ) works
configure:1513: rm -rf SunWS_cache; g++ -o conftest  -O0 -g3 -Wall        conftest.C  1>&5
configure:1539: checking whether the C++ compiler (g++  -O0 -g3 -Wall      ) is a cross-compiler
configure:1544: checking whether we are using GNU C++
configure:1628: checking whether g++ supports -fno-exceptions
configure:1662: checking whether g++ supports -fno-check-new
configure:1701: checking whether g++ supports -Wno-long-long
configure:1733: checking whether g++ supports -Wnon-virtual-dtor
configure:1765: checking whether g++ supports -fno-builtin
configure:1810: checking whether g++ supports -fexceptions
configure:1845: checking whether g++ supports -frtti
configure:1934: checking how to run the C++ preprocessor
configure:2017: checking whether g++ supports -frepo
configure:2212: checking for ld used by GCC
configure:2280: checking if the linker (/usr/i486-suse-linux/bin/ld) is GNU ld
configure:2297: checking for /usr/i486-suse-linux/bin/ld option to reload object files
configure:2309: checking for BSD-compatible nm
configure:2347: checking whether ln -s works
configure:2368: checking how to recognise dependant libraries
configure:2683: checking for ranlib
configure:2750: checking for strip
configure:2922: checking for Cygwin environment
configure:2955: checking for mingw32 environment
ltconfig:676:checking for gcc option to produce PIC
ltconfig:685:checking that gcc PIC flag  -fPIC -DPIC works.
ltconfig:747: checking if gcc static flag -static works
ltconfig:793: checking if gcc supports -c -o file.o
ltconfig:794: gcc -c -O2 -o out/conftest2.o  conftest.c 1>&5
ltconfig:847: checking if gcc supports -fno-rtti -fno-exceptions
ltconfig:848: gcc -c -O2 -fno-rtti -fno-exceptions -c conftest.c  conftest.c 1>&5
ltconfig:1326: checking if global_symbol_pipe works
ltconfig:1327: gcc -c -O2  conftest.c 1>&5
ltconfig:1330: eval "/usr/bin/nm -B conftest.o | sed -n -e 's/^.*[ 	]\([ABCDGISTW]\)[ 	][ 	]*\(\)\([_A-Za-z][_A-Za-z0-9]*\)$/\1 \2\3 \3/p' > conftest.nm"
ltconfig:1404: gcc -o conftest -O2 -fno-builtin -fno-rtti -fno-exceptions     conftest.c conftstm.o 1>&5
ltconfig:1788: checking for dlfcn.h
ltconfig:1827: checking whether a program can dlopen itself
ltconfig:1900: checking whether a statically linked program can dlopen itself
g++ -E conftest.cc
ltconfig:676:checking for g++ option to produce PIC
ltconfig:685:checking that g++ PIC flag -fPIC -DPIC works.
ltconfig:695: g++ -c -O2 -fno-exceptions -fno-check-new -Wall -pedantic -W -Wpointer-arith -Wmissing-prototypes -Wwrite-strings -Wno-long-long -Wnon-virtual-dtor -fno-builtin -O0 -g3 -Wall -fPIC -DPIC -DPIC  conftest.cc 1>&5
ltconfig:747: checking if g++ static flag -static works
ltconfig:756: g++ -o conftest -O2 -fno-exceptions -fno-check-new -Wall -pedantic -W -Wpointer-arith -Wmissing-prototypes -Wwrite-strings -Wno-long-long -Wnon-virtual-dtor -fno-builtin -O0 -g3 -Wall     -static conftest.cc  1>&5
ltconfig:793: checking if g++ supports -c -o file.o
ltconfig:794: g++ -c -O2 -fno-exceptions -fno-check-new -Wall -pedantic -W -Wpointer-arith -Wmissing-prototypes -Wwrite-strings -Wno-long-long -Wnon-virtual-dtor -fno-builtin -O0 -g3 -Wall -o out/conftest2.o  conftest.cc 1>&5
ltconfig:847: checking if g++ supports -fno-rtti -fno-exceptions
ltconfig:848: g++ -c -O2 -fno-exceptions -fno-check-new -Wall -pedantic -W -Wpointer-arith -Wmissing-prototypes -Wwrite-strings -Wno-long-long -Wnon-virtual-dtor -fno-builtin -O0 -g3 -Wall -fno-rtti -fno-exceptions -c conftest.cc  conftest.cc 1>&5
ltconfig:1326: checking if global_symbol_pipe works
ltconfig:1327: g++ -c -O2 -fno-exceptions -fno-check-new -Wall -pedantic -W -Wpointer-arith -Wmissing-prototypes -Wwrite-strings -Wno-long-long -Wnon-virtual-dtor -fno-builtin -O0 -g3 -Wall  conftest.cc 1>&5
ltconfig:1330: eval "/usr/bin/nm -B conftest.o | sed -n -e 's/^.*[ 	]\([ABCDGISTW]\)[ 	][ 	]*\(\)\([_A-Za-z][_A-Za-z0-9]*\)$/\1 \2\3 \3/p' > conftest.nm"
ltconfig:1404: g++ -o conftest -O2 -fno-exceptions -fno-check-new -Wall -pedantic -W -Wpointer-arith -Wmissing-prototypes -Wwrite-strings -Wno-long-long -Wnon-virtual-dtor -fno-builtin -O0 -g3 -Wall -fno-builtin -fno-rtti -fno-exceptions     conftest.cc conftstm.o 1>&5
ltconfig:1788: checking for dlfcn.h
ltconfig:1827: checking whether a program can dlopen itself
ltconfig:1900: checking whether a statically linked program can dlopen itself
configure:3102: checking for object suffix
configure:3128: checking for executable suffix
configure:3184: checking for msgfmt
configure:3218: checking for gmsgfmt
configure:3263: checking for xgettext
configure:3316: checking for main in -lcompat
configure:3353: checking for crypt in -lcrypt
configure:3446: checking for the third argument of getsockname
configure:3546: checking for dnet_ntoa in -ldnet
configure:3587: checking for dnet_ntoa in -ldnet_stub
configure:3628: checking for inet_ntoa
configure:3718: checking for connect
configure:3809: checking for remove
configure:3901: checking for shmat
configure:3991: checking for res_init
configure:4037: checking for res_init in -lresolv
configure:4083: checking for killpg in -lucb
configure:4171: checking size of int
configure:4209: checking size of long
configure:4247: checking size of char *
configure:4287: checking for dlopen in -ldl
configure:4331: checking for shl_unload in -ldld
configure:4379: checking for extra includes
configure:4410: checking for extra libs
configure:4444: checking for libz
configure:4500: checking for X
configure:4786: checking for IceConnectionNumber in -lICE
configure:4834: checking for libXext
configure:4945: checking for libpng
configure:5007: checking for libjpeg6b
configure:5068: checking for libjpeg
configure:5271: checking for Qt
configure:5490: checking if Qt compiles without flags
configure:5640: checking for moc
configure:5705: checking for uic
configure:5789: checking for rpath
configure:5818: checking for KDE
configure:5994: checking for KDE paths
configure:6480: checking for dcopidl
configure:6540: checking for dcopidl2cpp
configure:6600: checking for mcopidl
configure:6660: checking for kdb2html
configure:6720: checking for artsc-config
configure:6780: checking for kde-config
configure:6979: checking if doc should be compiled
configure:6979: checking if kflog should be compiled
configure:6979: checking if po should be compiled
